2020-11-22 00:35:00.034 [DateSourceHikariCP housekeeper] WARN  com.zaxxer.hikari.pool.HikariPool - DateSourceHikariCP - Thread starvation or clock leap detected (housekeeper delta=24m13s423ms406µs200ns).
2020-11-22 00:52:10.225 [background-preinit] INFO  o.h.validator.internal.util.Version - HV000001: Hibernate Validator 6.1.5.Final
2020-11-22 00:52:10.912 [background-preinit] WARN  o.s.h.c.j.Jackson2ObjectMapperBuilder - For Jackson Kotlin classes support please add "com.fasterxml.jackson.module:jackson-module-kotlin" to the classpath
2020-11-22 00:52:13.361 [main] INFO  com.soft1851.admin.Application - The following profiles are active: dev
2020-11-22 00:52:14.390 [main] INFO  o.s.d.r.c.RepositoryConfigurationDelegate - Multiple Spring Data modules found, entering strict repository configuration mode!
2020-11-22 00:52:14.394 [main] INFO  o.s.d.r.c.RepositoryConfigurationDelegate - Bootstrapping Spring Data Redis repositories in DEFAULT mode.
2020-11-22 00:52:14.438 [main] INFO  o.s.d.r.c.RepositoryConfigurationDelegate - Finished Spring Data repository scanning in 24ms. Found 0 Redis repository interfaces.
2020-11-22 00:52:14.606 [main] WARN  o.m.s.mapper.ClassPathMapperScanner - No MyBatis mapper was found in '[com.soft1851.admin]' package. Please check your configuration.
2020-11-22 00:52:14.702 [main] INFO  o.s.cloud.context.scope.GenericScope - BeanFactory id=c8f6cbd3-94b9-3ccb-b765-a6a73a58cb68
2020-11-22 00:52:16.453 [main] INFO  o.s.b.w.e.tomcat.TomcatWebServer - Tomcat initialized with port(s): 8005 (http)
2020-11-22 00:52:16.466 [main] INFO  o.a.coyote.http11.Http11NioProtocol - Initializing ProtocolHandler ["http-nio-8005"]
2020-11-22 00:52:16.467 [main] INFO  o.a.catalina.core.StandardService - Starting service [Tomcat]
2020-11-22 00:52:16.467 [main] INFO  o.a.catalina.core.StandardEngine - Starting Servlet engine: [Apache Tomcat/9.0.37]
2020-11-22 00:52:16.658 [main] INFO  o.a.c.c.C.[Tomcat].[localhost].[/] - Initializing Spring embedded WebApplicationContext
2020-11-22 00:52:16.659 [main] INFO  o.s.b.w.s.c.ServletWebServerApplicationContext - Root WebApplicationContext: initialization completed in 3271 ms
2020-11-22 00:52:22.051 [main] WARN  c.n.c.sources.URLConfigurationSource - No URLs will be polled as dynamic configuration sources.
2020-11-22 00:52:22.051 [main] INFO  c.n.c.sources.URLConfigurationSource - To enable URLs as dynamic configuration sources, define System property archaius.configurationSource.additionalUrls or make config.properties available on classpath.
2020-11-22 00:52:22.072 [main] WARN  c.n.c.sources.URLConfigurationSource - No URLs will be polled as dynamic configuration sources.
2020-11-22 00:52:22.072 [main] INFO  c.n.c.sources.URLConfigurationSource - To enable URLs as dynamic configuration sources, define System property archaius.configurationSource.additionalUrls or make config.properties available on classpath.
2020-11-22 00:52:22.447 [main] INFO  o.s.s.c.ThreadPoolTaskExecutor - Initializing ExecutorService 'applicationTaskExecutor'
2020-11-22 00:52:22.805 [main] INFO  t.m.m.a.MapperCacheDisabler - Clear tk.mybatis.mapper.util.MsUtil CLASS_CACHE cache.
2020-11-22 00:52:22.808 [main] INFO  t.m.m.a.MapperCacheDisabler - Clear tk.mybatis.mapper.genid.GenIdUtil CACHE cache.
2020-11-22 00:52:22.810 [main] INFO  t.m.m.a.MapperCacheDisabler - Clear tk.mybatis.mapper.version.VersionUtil CACHE cache.
2020-11-22 00:52:22.811 [main] INFO  t.m.m.a.MapperCacheDisabler - Clear EntityHelper entityTableMap cache.
2020-11-22 00:52:28.099 [main] INFO  o.s.cloud.commons.util.InetUtils - Cannot determine local hostname
2020-11-22 00:52:28.513 [main] INFO  o.a.coyote.http11.Http11NioProtocol - Starting ProtocolHandler ["http-nio-8005"]
2020-11-22 00:52:28.594 [main] INFO  o.s.b.w.e.tomcat.TomcatWebServer - Tomcat started on port(s): 8005 (http) with context path ''
2020-11-22 00:52:32.224 [main] INFO  o.s.cloud.commons.util.InetUtils - Cannot determine local hostname
2020-11-22 00:52:32.252 [main] INFO  s.d.s.w.p.DocumentationPluginsBootstrapper - Context refreshed
2020-11-22 00:52:32.334 [main] INFO  s.d.s.w.p.DocumentationPluginsBootstrapper - Found 1 custom documentation plugin(s)
2020-11-22 00:52:32.355 [main] INFO  s.d.s.w.s.ApiListingReferenceScanner - Scanning for api listing references
2020-11-22 00:52:32.640 [main] INFO  com.soft1851.admin.Application - Started Application in 25.509 seconds (JVM running for 26.3)
2020-11-22 00:53:49.059 [background-preinit] INFO  o.h.validator.internal.util.Version - HV000001: Hibernate Validator 6.1.5.Final
2020-11-22 00:53:49.718 [background-preinit] WARN  o.s.h.c.j.Jackson2ObjectMapperBuilder - For Jackson Kotlin classes support please add "com.fasterxml.jackson.module:jackson-module-kotlin" to the classpath
2020-11-22 00:53:52.132 [main] INFO  com.soft1851.admin.Application - The following profiles are active: dev
2020-11-22 00:53:53.155 [main] INFO  o.s.d.r.c.RepositoryConfigurationDelegate - Multiple Spring Data modules found, entering strict repository configuration mode!
2020-11-22 00:53:53.158 [main] INFO  o.s.d.r.c.RepositoryConfigurationDelegate - Bootstrapping Spring Data Redis repositories in DEFAULT mode.
2020-11-22 00:53:53.197 [main] INFO  o.s.d.r.c.RepositoryConfigurationDelegate - Finished Spring Data repository scanning in 23ms. Found 0 Redis repository interfaces.
2020-11-22 00:53:53.360 [main] WARN  o.m.s.mapper.ClassPathMapperScanner - No MyBatis mapper was found in '[com.soft1851.admin]' package. Please check your configuration.
2020-11-22 00:53:53.459 [main] INFO  o.s.cloud.context.scope.GenericScope - BeanFactory id=c8f6cbd3-94b9-3ccb-b765-a6a73a58cb68
2020-11-22 00:53:55.111 [main] INFO  o.s.b.w.e.tomcat.TomcatWebServer - Tomcat initialized with port(s): 8005 (http)
2020-11-22 00:53:55.125 [main] INFO  o.a.coyote.http11.Http11NioProtocol - Initializing ProtocolHandler ["http-nio-8005"]
2020-11-22 00:53:55.126 [main] INFO  o.a.catalina.core.StandardService - Starting service [Tomcat]
2020-11-22 00:53:55.126 [main] INFO  o.a.catalina.core.StandardEngine - Starting Servlet engine: [Apache Tomcat/9.0.37]
2020-11-22 00:53:55.308 [main] INFO  o.a.c.c.C.[Tomcat].[localhost].[/] - Initializing Spring embedded WebApplicationContext
2020-11-22 00:53:55.308 [main] INFO  o.s.b.w.s.c.ServletWebServerApplicationContext - Root WebApplicationContext: initialization completed in 3151 ms
2020-11-22 00:53:57.586 [main] WARN  c.n.c.sources.URLConfigurationSource - No URLs will be polled as dynamic configuration sources.
2020-11-22 00:53:57.586 [main] INFO  c.n.c.sources.URLConfigurationSource - To enable URLs as dynamic configuration sources, define System property archaius.configurationSource.additionalUrls or make config.properties available on classpath.
2020-11-22 00:53:57.595 [main] WARN  c.n.c.sources.URLConfigurationSource - No URLs will be polled as dynamic configuration sources.
2020-11-22 00:53:57.595 [main] INFO  c.n.c.sources.URLConfigurationSource - To enable URLs as dynamic configuration sources, define System property archaius.configurationSource.additionalUrls or make config.properties available on classpath.
2020-11-22 00:53:57.762 [main] INFO  o.s.s.c.ThreadPoolTaskExecutor - Initializing ExecutorService 'applicationTaskExecutor'
2020-11-22 00:53:57.901 [main] INFO  t.m.m.a.MapperCacheDisabler - Clear tk.mybatis.mapper.util.MsUtil CLASS_CACHE cache.
2020-11-22 00:53:57.902 [main] INFO  t.m.m.a.MapperCacheDisabler - Clear tk.mybatis.mapper.genid.GenIdUtil CACHE cache.
2020-11-22 00:53:57.903 [main] INFO  t.m.m.a.MapperCacheDisabler - Clear tk.mybatis.mapper.version.VersionUtil CACHE cache.
2020-11-22 00:53:57.903 [main] INFO  t.m.m.a.MapperCacheDisabler - Clear EntityHelper entityTableMap cache.
2020-11-22 00:54:00.546 [main] INFO  o.s.cloud.commons.util.InetUtils - Cannot determine local hostname
2020-11-22 00:54:00.903 [main] INFO  o.a.coyote.http11.Http11NioProtocol - Starting ProtocolHandler ["http-nio-8005"]
2020-11-22 00:54:00.938 [main] INFO  o.s.b.w.e.tomcat.TomcatWebServer - Tomcat started on port(s): 8005 (http) with context path ''
2020-11-22 00:54:03.490 [main] INFO  o.s.cloud.commons.util.InetUtils - Cannot determine local hostname
2020-11-22 00:54:03.497 [main] INFO  s.d.s.w.p.DocumentationPluginsBootstrapper - Context refreshed
2020-11-22 00:54:03.589 [main] INFO  s.d.s.w.p.DocumentationPluginsBootstrapper - Found 1 custom documentation plugin(s)
2020-11-22 00:54:03.599 [main] INFO  s.d.s.w.s.ApiListingReferenceScanner - Scanning for api listing references
2020-11-22 00:54:03.810 [main] INFO  com.soft1851.admin.Application - Started Application in 17.671 seconds (JVM running for 18.323)
