2020-11-16 17:08:12.794 [background-preinit] INFO  o.h.validator.internal.util.Version - HV000001: Hibernate Validator 6.1.5.Final
2020-11-16 17:08:13.575 [background-preinit] WARN  o.s.h.c.j.Jackson2ObjectMapperBuilder - For Jackson Kotlin classes support please add "com.fasterxml.jackson.module:jackson-module-kotlin" to the classpath
2020-11-16 17:08:15.139 [main] INFO  com.soft1851.user.Application - The following profiles are active: dev
2020-11-16 17:08:17.336 [main] INFO  o.s.d.r.c.RepositoryConfigurationDelegate - Multiple Spring Data modules found, entering strict repository configuration mode!
2020-11-16 17:08:17.340 [main] INFO  o.s.d.r.c.RepositoryConfigurationDelegate - Bootstrapping Spring Data Redis repositories in DEFAULT mode.
2020-11-16 17:08:17.414 [main] INFO  o.s.d.r.c.RepositoryConfigurationDelegate - Finished Spring Data repository scanning in 20ms. Found 0 Redis repository interfaces.
2020-11-16 17:08:17.645 [main] WARN  o.m.s.mapper.ClassPathMapperScanner - No MyBatis mapper was found in '[com.soft1851.user]' package. Please check your configuration.
2020-11-16 17:08:17.734 [main] INFO  o.s.cloud.context.scope.GenericScope - BeanFactory id=b331faf1-8c6f-366a-92c8-1cd65259cc0d
2020-11-16 17:08:18.285 [main] INFO  o.s.b.w.e.tomcat.TomcatWebServer - Tomcat initialized with port(s): 8003 (http)
2020-11-16 17:08:18.296 [main] INFO  o.a.coyote.http11.Http11NioProtocol - Initializing ProtocolHandler ["http-nio-8003"]
2020-11-16 17:08:18.297 [main] INFO  o.a.catalina.core.StandardService - Starting service [Tomcat]
2020-11-16 17:08:18.297 [main] INFO  o.a.catalina.core.StandardEngine - Starting Servlet engine: [Apache Tomcat/9.0.38]
2020-11-16 17:08:18.528 [main] INFO  o.a.c.c.C.[Tomcat].[localhost].[/] - Initializing Spring embedded WebApplicationContext
2020-11-16 17:08:18.528 [main] INFO  o.s.b.w.s.c.ServletWebServerApplicationContext - Root WebApplicationContext: initialization completed in 3315 ms
2020-11-16 17:08:19.947 [main] WARN  o.s.b.w.s.c.AnnotationConfigServletWebServerApplicationContext - Exception encountered during context initialization - cancelling refresh attempt: org.springframework.beans.factory.UnsatisfiedDependencyException: Error creating bean with name 'passportController' defined in file [D:\CompcuteApplication\projectTest\SpringStudy\soft-news\soft-news-service-user\target\classes\com\soft1851\user\controller\PassportController.class]: Unsatisfied dependency expressed through constructor parameter 1; nested exception is org.springframework.beans.factory.BeanCreationException: Error creating bean with name 'userServiceImpl': Injection of resource dependencies failed; nested exception is org.springframework.beans.factory.NoSuchBeanDefinitionException: No qualifying bean of type 'org.n3r.idworker.Sid' available: expected at least 1 bean which qualifies as autowire candidate. Dependency annotations: {@javax.annotation.Resource(shareable=true, lookup=, name=, description=, authenticationType=CONTAINER, type=class java.lang.Object, mappedName=)}
2020-11-16 17:08:19.969 [main] INFO  o.a.catalina.core.StandardService - Stopping service [Tomcat]
2020-11-16 17:08:19.976 [main] INFO  o.s.b.a.l.ConditionEvaluationReportLoggingListener - 

Error starting ApplicationContext. To display the conditions report re-run your application with 'debug' enabled.
2020-11-16 17:08:20.253 [main] ERROR o.s.b.d.LoggingFailureAnalysisReporter - 

***************************
APPLICATION FAILED TO START
***************************

Description:

Parameter 1 of constructor in com.soft1851.user.controller.PassportController required a bean of type 'org.n3r.idworker.Sid' that could not be found.


Action:

Consider defining a bean of type 'org.n3r.idworker.Sid' in your configuration.

2020-11-16 17:11:01.840 [background-preinit] INFO  o.h.validator.internal.util.Version - HV000001: Hibernate Validator 6.1.5.Final
2020-11-16 17:11:02.324 [background-preinit] WARN  o.s.h.c.j.Jackson2ObjectMapperBuilder - For Jackson Kotlin classes support please add "com.fasterxml.jackson.module:jackson-module-kotlin" to the classpath
2020-11-16 17:11:03.689 [main] INFO  com.soft1851.user.Application - The following profiles are active: dev
2020-11-16 17:11:04.544 [main] INFO  o.s.d.r.c.RepositoryConfigurationDelegate - Multiple Spring Data modules found, entering strict repository configuration mode!
2020-11-16 17:11:04.546 [main] INFO  o.s.d.r.c.RepositoryConfigurationDelegate - Bootstrapping Spring Data Redis repositories in DEFAULT mode.
2020-11-16 17:11:04.581 [main] INFO  o.s.d.r.c.RepositoryConfigurationDelegate - Finished Spring Data repository scanning in 21ms. Found 0 Redis repository interfaces.
2020-11-16 17:11:04.714 [main] WARN  o.m.s.mapper.ClassPathMapperScanner - No MyBatis mapper was found in '[com.soft1851.user]' package. Please check your configuration.
2020-11-16 17:11:04.786 [main] INFO  o.s.cloud.context.scope.GenericScope - BeanFactory id=b331faf1-8c6f-366a-92c8-1cd65259cc0d
2020-11-16 17:11:05.148 [main] INFO  o.s.b.w.e.tomcat.TomcatWebServer - Tomcat initialized with port(s): 8003 (http)
2020-11-16 17:11:05.160 [main] INFO  o.a.coyote.http11.Http11NioProtocol - Initializing ProtocolHandler ["http-nio-8003"]
2020-11-16 17:11:05.160 [main] INFO  o.a.catalina.core.StandardService - Starting service [Tomcat]
2020-11-16 17:11:05.160 [main] INFO  o.a.catalina.core.StandardEngine - Starting Servlet engine: [Apache Tomcat/9.0.38]
2020-11-16 17:11:05.322 [main] INFO  o.a.c.c.C.[Tomcat].[localhost].[/] - Initializing Spring embedded WebApplicationContext
2020-11-16 17:11:05.322 [main] INFO  o.s.b.w.s.c.ServletWebServerApplicationContext - Root WebApplicationContext: initialization completed in 1617 ms
2020-11-16 17:11:06.002 [main] WARN  o.s.b.w.s.c.AnnotationConfigServletWebServerApplicationContext - Exception encountered during context initialization - cancelling refresh attempt: org.springframework.beans.factory.UnsatisfiedDependencyException: Error creating bean with name 'passportController' defined in file [D:\CompcuteApplication\projectTest\SpringStudy\soft-news\soft-news-service-user\target\classes\com\soft1851\user\controller\PassportController.class]: Unsatisfied dependency expressed through constructor parameter 1; nested exception is org.springframework.beans.factory.BeanCreationException: Error creating bean with name 'userServiceImpl': Injection of resource dependencies failed; nested exception is org.springframework.beans.factory.NoSuchBeanDefinitionException: No qualifying bean of type 'org.n3r.idworker.Sid' available: expected at least 1 bean which qualifies as autowire candidate. Dependency annotations: {@javax.annotation.Resource(shareable=true, lookup=, name=, description=, authenticationType=CONTAINER, type=class java.lang.Object, mappedName=)}
2020-11-16 17:11:06.020 [main] INFO  o.a.catalina.core.StandardService - Stopping service [Tomcat]
2020-11-16 17:11:06.027 [main] INFO  o.s.b.a.l.ConditionEvaluationReportLoggingListener - 

Error starting ApplicationContext. To display the conditions report re-run your application with 'debug' enabled.
2020-11-16 17:11:06.198 [main] ERROR o.s.b.d.LoggingFailureAnalysisReporter - 

***************************
APPLICATION FAILED TO START
***************************

Description:

Parameter 1 of constructor in com.soft1851.user.controller.PassportController required a bean of type 'org.n3r.idworker.Sid' that could not be found.


Action:

Consider defining a bean of type 'org.n3r.idworker.Sid' in your configuration.

2020-11-16 17:12:06.831 [background-preinit] INFO  o.h.validator.internal.util.Version - HV000001: Hibernate Validator 6.1.5.Final
2020-11-16 17:12:07.325 [background-preinit] WARN  o.s.h.c.j.Jackson2ObjectMapperBuilder - For Jackson Kotlin classes support please add "com.fasterxml.jackson.module:jackson-module-kotlin" to the classpath
2020-11-16 17:12:08.721 [main] INFO  com.soft1851.user.Application - The following profiles are active: dev
2020-11-16 17:12:09.595 [main] INFO  o.s.d.r.c.RepositoryConfigurationDelegate - Multiple Spring Data modules found, entering strict repository configuration mode!
2020-11-16 17:12:09.597 [main] INFO  o.s.d.r.c.RepositoryConfigurationDelegate - Bootstrapping Spring Data Redis repositories in DEFAULT mode.
2020-11-16 17:12:09.631 [main] INFO  o.s.d.r.c.RepositoryConfigurationDelegate - Finished Spring Data repository scanning in 18ms. Found 0 Redis repository interfaces.
2020-11-16 17:12:09.766 [main] WARN  o.m.s.mapper.ClassPathMapperScanner - No MyBatis mapper was found in '[com.soft1851.user]' package. Please check your configuration.
2020-11-16 17:12:09.835 [main] INFO  o.s.cloud.context.scope.GenericScope - BeanFactory id=795cb428-9b8d-32af-b694-b30436961836
2020-11-16 17:12:10.197 [main] INFO  o.s.b.w.e.tomcat.TomcatWebServer - Tomcat initialized with port(s): 8003 (http)
2020-11-16 17:12:10.209 [main] INFO  o.a.coyote.http11.Http11NioProtocol - Initializing ProtocolHandler ["http-nio-8003"]
2020-11-16 17:12:10.209 [main] INFO  o.a.catalina.core.StandardService - Starting service [Tomcat]
2020-11-16 17:12:10.209 [main] INFO  o.a.catalina.core.StandardEngine - Starting Servlet engine: [Apache Tomcat/9.0.38]
2020-11-16 17:12:10.367 [main] INFO  o.a.c.c.C.[Tomcat].[localhost].[/] - Initializing Spring embedded WebApplicationContext
2020-11-16 17:12:10.368 [main] INFO  o.s.b.w.s.c.ServletWebServerApplicationContext - Root WebApplicationContext: initialization completed in 1627 ms
2020-11-16 17:12:12.613 [main] WARN  c.n.c.sources.URLConfigurationSource - No URLs will be polled as dynamic configuration sources.
2020-11-16 17:12:12.614 [main] INFO  c.n.c.sources.URLConfigurationSource - To enable URLs as dynamic configuration sources, define System property archaius.configurationSource.additionalUrls or make config.properties available on classpath.
2020-11-16 17:12:12.640 [main] WARN  c.n.c.sources.URLConfigurationSource - No URLs will be polled as dynamic configuration sources.
2020-11-16 17:12:12.640 [main] INFO  c.n.c.sources.URLConfigurationSource - To enable URLs as dynamic configuration sources, define System property archaius.configurationSource.additionalUrls or make config.properties available on classpath.
2020-11-16 17:12:12.892 [main] INFO  o.s.s.c.ThreadPoolTaskExecutor - Initializing ExecutorService 'applicationTaskExecutor'
2020-11-16 17:12:13.068 [main] INFO  t.m.m.a.MapperCacheDisabler - Clear tk.mybatis.mapper.util.MsUtil CLASS_CACHE cache.
2020-11-16 17:12:13.069 [main] INFO  t.m.m.a.MapperCacheDisabler - Clear tk.mybatis.mapper.genid.GenIdUtil CACHE cache.
2020-11-16 17:12:13.070 [main] INFO  t.m.m.a.MapperCacheDisabler - Clear tk.mybatis.mapper.version.VersionUtil CACHE cache.
2020-11-16 17:12:13.070 [main] INFO  t.m.m.a.MapperCacheDisabler - Clear EntityHelper entityTableMap cache.
2020-11-16 17:12:15.077 [main] INFO  o.a.coyote.http11.Http11NioProtocol - Starting ProtocolHandler ["http-nio-8003"]
2020-11-16 17:12:15.121 [main] INFO  o.s.b.w.e.tomcat.TomcatWebServer - Tomcat started on port(s): 8003 (http) with context path ''
2020-11-16 17:12:16.362 [main] INFO  s.d.s.w.p.DocumentationPluginsBootstrapper - Context refreshed
2020-11-16 17:12:16.379 [main] INFO  s.d.s.w.p.DocumentationPluginsBootstrapper - Found 1 custom documentation plugin(s)
2020-11-16 17:12:16.388 [main] INFO  s.d.s.w.s.ApiListingReferenceScanner - Scanning for api listing references
2020-11-16 17:12:16.637 [main] INFO  com.soft1851.user.Application - Started Application in 11.506 seconds (JVM running for 13.161)
2020-11-16 17:19:22.616 [background-preinit] INFO  o.h.validator.internal.util.Version - HV000001: Hibernate Validator 6.1.5.Final
2020-11-16 17:19:23.111 [background-preinit] WARN  o.s.h.c.j.Jackson2ObjectMapperBuilder - For Jackson Kotlin classes support please add "com.fasterxml.jackson.module:jackson-module-kotlin" to the classpath
2020-11-16 17:19:24.487 [main] INFO  com.soft1851.user.Application - The following profiles are active: dev
2020-11-16 17:19:25.392 [main] INFO  o.s.d.r.c.RepositoryConfigurationDelegate - Multiple Spring Data modules found, entering strict repository configuration mode!
2020-11-16 17:19:25.396 [main] INFO  o.s.d.r.c.RepositoryConfigurationDelegate - Bootstrapping Spring Data Redis repositories in DEFAULT mode.
2020-11-16 17:19:25.434 [main] INFO  o.s.d.r.c.RepositoryConfigurationDelegate - Finished Spring Data repository scanning in 20ms. Found 0 Redis repository interfaces.
2020-11-16 17:19:25.573 [main] WARN  o.m.s.mapper.ClassPathMapperScanner - No MyBatis mapper was found in '[com.soft1851.user]' package. Please check your configuration.
2020-11-16 17:19:25.648 [main] INFO  o.s.cloud.context.scope.GenericScope - BeanFactory id=795cb428-9b8d-32af-b694-b30436961836
2020-11-16 17:19:26.007 [main] INFO  o.s.b.w.e.tomcat.TomcatWebServer - Tomcat initialized with port(s): 8003 (http)
2020-11-16 17:19:26.016 [main] INFO  o.a.coyote.http11.Http11NioProtocol - Initializing ProtocolHandler ["http-nio-8003"]
2020-11-16 17:19:26.017 [main] INFO  o.a.catalina.core.StandardService - Starting service [Tomcat]
2020-11-16 17:19:26.017 [main] INFO  o.a.catalina.core.StandardEngine - Starting Servlet engine: [Apache Tomcat/9.0.38]
2020-11-16 17:19:26.177 [main] INFO  o.a.c.c.C.[Tomcat].[localhost].[/] - Initializing Spring embedded WebApplicationContext
2020-11-16 17:19:26.178 [main] INFO  o.s.b.w.s.c.ServletWebServerApplicationContext - Root WebApplicationContext: initialization completed in 1673 ms
2020-11-16 17:19:28.075 [main] WARN  c.n.c.sources.URLConfigurationSource - No URLs will be polled as dynamic configuration sources.
2020-11-16 17:19:28.075 [main] INFO  c.n.c.sources.URLConfigurationSource - To enable URLs as dynamic configuration sources, define System property archaius.configurationSource.additionalUrls or make config.properties available on classpath.
2020-11-16 17:19:28.079 [main] WARN  c.n.c.sources.URLConfigurationSource - No URLs will be polled as dynamic configuration sources.
2020-11-16 17:19:28.079 [main] INFO  c.n.c.sources.URLConfigurationSource - To enable URLs as dynamic configuration sources, define System property archaius.configurationSource.additionalUrls or make config.properties available on classpath.
2020-11-16 17:19:28.181 [main] INFO  o.s.s.c.ThreadPoolTaskExecutor - Initializing ExecutorService 'applicationTaskExecutor'
2020-11-16 17:19:28.281 [main] INFO  t.m.m.a.MapperCacheDisabler - Clear tk.mybatis.mapper.util.MsUtil CLASS_CACHE cache.
2020-11-16 17:19:28.281 [main] INFO  t.m.m.a.MapperCacheDisabler - Clear tk.mybatis.mapper.genid.GenIdUtil CACHE cache.
2020-11-16 17:19:28.282 [main] INFO  t.m.m.a.MapperCacheDisabler - Clear tk.mybatis.mapper.version.VersionUtil CACHE cache.
2020-11-16 17:19:28.282 [main] INFO  t.m.m.a.MapperCacheDisabler - Clear EntityHelper entityTableMap cache.
2020-11-16 17:19:29.902 [main] INFO  o.a.coyote.http11.Http11NioProtocol - Starting ProtocolHandler ["http-nio-8003"]
2020-11-16 17:19:29.930 [main] INFO  o.s.b.w.e.tomcat.TomcatWebServer - Tomcat started on port(s): 8003 (http) with context path ''
2020-11-16 17:19:31.185 [main] INFO  s.d.s.w.p.DocumentationPluginsBootstrapper - Context refreshed
2020-11-16 17:19:31.197 [main] INFO  s.d.s.w.p.DocumentationPluginsBootstrapper - Found 1 custom documentation plugin(s)
2020-11-16 17:19:31.206 [main] INFO  s.d.s.w.s.ApiListingReferenceScanner - Scanning for api listing references
2020-11-16 17:19:31.366 [main] INFO  com.soft1851.user.Application - Started Application in 10.471 seconds (JVM running for 12.161)
2020-11-16 17:20:08.726 [http-nio-8003-exec-1] INFO  o.a.c.c.C.[Tomcat].[localhost].[/] - Initializing Spring DispatcherServlet 'dispatcherServlet'
2020-11-16 17:20:08.726 [http-nio-8003-exec-1] INFO  o.s.web.servlet.DispatcherServlet - Initializing Servlet 'dispatcherServlet'
2020-11-16 17:20:08.733 [http-nio-8003-exec-1] INFO  o.s.web.servlet.DispatcherServlet - Completed initialization in 7 ms
2020-11-16 17:20:29.073 [http-nio-8003-exec-5] INFO  c.s.u.controller.PassportController - ******************************************
2020-11-16 17:20:29.074 [http-nio-8003-exec-5] INFO  c.s.u.controller.PassportController - 请求时间2020-11-16 17:20:29
2020-11-16 17:20:29.074 [http-nio-8003-exec-5] INFO  c.s.u.controller.PassportController - 请求时间2020-11-16 05:20:29
2020-11-16 17:20:29.076 [http-nio-8003-exec-5] INFO  c.s.u.controller.PassportController - 262577
2020-11-16 17:20:29.076 [http-nio-8003-exec-5] INFO  c.s.u.controller.PassportController - ******************************************
2020-11-16 17:21:10.456 [http-nio-8003-exec-4] INFO  com.zaxxer.hikari.HikariDataSource - DateSourceHikariCP - Starting...
2020-11-16 17:21:11.383 [http-nio-8003-exec-4] INFO  com.zaxxer.hikari.HikariDataSource - DateSourceHikariCP - Start completed.
2020-11-16 17:21:42.042 [http-nio-8003-exec-3] INFO  c.s.u.controller.PassportController - ******************************************
2020-11-16 17:21:42.042 [http-nio-8003-exec-3] INFO  c.s.u.controller.PassportController - 请求时间2020-11-16 17:21:42
2020-11-16 17:21:42.042 [http-nio-8003-exec-3] INFO  c.s.u.controller.PassportController - 请求时间2020-11-16 05:21:42
2020-11-16 17:21:42.043 [http-nio-8003-exec-3] INFO  c.s.u.controller.PassportController - 225519
2020-11-16 17:21:42.043 [http-nio-8003-exec-3] INFO  c.s.u.controller.PassportController - ******************************************
2020-11-16 17:23:15.420 [http-nio-8003-exec-1] INFO  c.s.u.controller.PassportController - ******************************************
2020-11-16 17:23:15.420 [http-nio-8003-exec-1] INFO  c.s.u.controller.PassportController - 请求时间2020-11-16 17:23:15
2020-11-16 17:23:15.420 [http-nio-8003-exec-1] INFO  c.s.u.controller.PassportController - 请求时间2020-11-16 05:23:15
2020-11-16 17:23:15.421 [http-nio-8003-exec-1] INFO  c.s.u.controller.PassportController - 340431
2020-11-16 17:23:15.421 [http-nio-8003-exec-1] INFO  c.s.u.controller.PassportController - ******************************************
2020-11-16 17:23:33.275 [http-nio-8003-exec-10] ERROR o.a.c.c.C.[.[.[.[dispatcherServlet] - Servlet.service() for servlet [dispatcherServlet] in context with path [] threw exception [Request processing failed; nested exception is org.springframework.dao.DataIntegrityViolationException: 
### Error updating database.  Cause: java.sql.SQLIntegrityConstraintViolationException: Column 'active_status' cannot be null
### The error may exist in com/soft1851/user/mapper/AppUserMapper.java (best guess)
### The error may involve com.soft1851.user.mapper.AppUserMapper.insert-Inline
### The error occurred while setting parameters
### SQL: INSERT INTO app_user  ( id,mobile,nickname,face,realname,email,sex,birthday,province,city,district,active_status,total_income,created_time,updated_time ) VALUES( ?,?,?,?,?,?,?,?,?,?,?,?,?,?,? )
### Cause: java.sql.SQLIntegrityConstraintViolationException: Column 'active_status' cannot be null
; Column 'active_status' cannot be null; nested exception is java.sql.SQLIntegrityConstraintViolationException: Column 'active_status' cannot be null] with root cause
java.sql.SQLIntegrityConstraintViolationException: Column 'active_status' cannot be null
	at com.mysql.cj.jdbc.exceptions.SQLError.createSQLException(SQLError.java:117)
	at com.mysql.cj.jdbc.exceptions.SQLError.createSQLException(SQLError.java:97)
	at com.mysql.cj.jdbc.exceptions.SQLExceptionsMapping.translateException(SQLExceptionsMapping.java:122)
	at com.mysql.cj.jdbc.ClientPreparedStatement.executeInternal(ClientPreparedStatement.java:953)
	at com.mysql.cj.jdbc.ClientPreparedStatement.execute(ClientPreparedStatement.java:370)
	at com.zaxxer.hikari.pool.ProxyPreparedStatement.execute(ProxyPreparedStatement.java:44)
	at com.zaxxer.hikari.pool.HikariProxyPreparedStatement.execute(HikariProxyPreparedStatement.java)
	at org.apache.ibatis.executor.statement.PreparedStatementHandler.update(PreparedStatementHandler.java:47)
	at org.apache.ibatis.executor.statement.RoutingStatementHandler.update(RoutingStatementHandler.java:74)
	at org.apache.ibatis.executor.SimpleExecutor.doUpdate(SimpleExecutor.java:50)
	at org.apache.ibatis.executor.BaseExecutor.update(BaseExecutor.java:117)
	at org.apache.ibatis.executor.CachingExecutor.update(CachingExecutor.java:76)
	at sun.reflect.NativeMethodAccessorImpl.invoke0(Native Method)
	at sun.reflect.NativeMethodAccessorImpl.invoke(NativeMethodAccessorImpl.java:62)
	at sun.reflect.DelegatingMethodAccessorImpl.invoke(DelegatingMethodAccessorImpl.java:43)
	at java.lang.reflect.Method.invoke(Method.java:497)
	at org.apache.ibatis.plugin.Plugin.invoke(Plugin.java:63)
	at com.sun.proxy.$Proxy147.update(Unknown Source)
	at org.apache.ibatis.session.defaults.DefaultSqlSession.update(DefaultSqlSession.java:197)
	at org.apache.ibatis.session.defaults.DefaultSqlSession.insert(DefaultSqlSession.java:184)
	at sun.reflect.NativeMethodAccessorImpl.invoke0(Native Method)
	at sun.reflect.NativeMethodAccessorImpl.invoke(NativeMethodAccessorImpl.java:62)
	at sun.reflect.DelegatingMethodAccessorImpl.invoke(DelegatingMethodAccessorImpl.java:43)
	at java.lang.reflect.Method.invoke(Method.java:497)
	at org.mybatis.spring.SqlSessionTemplate$SqlSessionInterceptor.invoke(SqlSessionTemplate.java:426)
	at com.sun.proxy.$Proxy100.insert(Unknown Source)
	at org.mybatis.spring.SqlSessionTemplate.insert(SqlSessionTemplate.java:271)
	at org.apache.ibatis.binding.MapperMethod.execute(MapperMethod.java:62)
	at org.apache.ibatis.binding.MapperProxy.invoke(MapperProxy.java:57)
	at com.sun.proxy.$Proxy103.insert(Unknown Source)
	at sun.reflect.NativeMethodAccessorImpl.invoke0(Native Method)
	at sun.reflect.NativeMethodAccessorImpl.invoke(NativeMethodAccessorImpl.java:62)
	at sun.reflect.DelegatingMethodAccessorImpl.invoke(DelegatingMethodAccessorImpl.java:43)
	at java.lang.reflect.Method.invoke(Method.java:497)
	at org.springframework.aop.support.AopUtils.invokeJoinpointUsingReflection(AopUtils.java:344)
	at org.springframework.aop.framework.ReflectiveMethodInvocation.invokeJoinpoint(ReflectiveMethodInvocation.java:198)
	at org.springframework.aop.framework.ReflectiveMethodInvocation.proceed(ReflectiveMethodInvocation.java:163)
	at org.springframework.dao.support.PersistenceExceptionTranslationInterceptor.invoke(PersistenceExceptionTranslationInterceptor.java:139)
	at org.springframework.aop.framework.ReflectiveMethodInvocation.proceed(ReflectiveMethodInvocation.java:186)
	at org.springframework.aop.framework.JdkDynamicAopProxy.invoke(JdkDynamicAopProxy.java:212)
	at com.sun.proxy.$Proxy105.insert(Unknown Source)
	at com.soft1851.user.service.impl.UserServiceImpl.createUser(UserServiceImpl.java:63)
	at com.soft1851.user.service.impl.UserServiceImpl$$FastClassBySpringCGLIB$$362655a4.invoke(<generated>)
	at org.springframework.cglib.proxy.MethodProxy.invoke(MethodProxy.java:218)
	at org.springframework.aop.framework.CglibAopProxy$CglibMethodInvocation.invokeJoinpoint(CglibAopProxy.java:771)
	at org.springframework.aop.framework.ReflectiveMethodInvocation.proceed(ReflectiveMethodInvocation.java:163)
	at org.springframework.aop.framework.CglibAopProxy$CglibMethodInvocation.proceed(CglibAopProxy.java:749)
	at org.springframework.transaction.interceptor.TransactionInterceptor$$Lambda$830/22059071.proceedWithInvocation(Unknown Source)
	at org.springframework.transaction.interceptor.TransactionAspectSupport.invokeWithinTransaction(TransactionAspectSupport.java:367)
	at org.springframework.transaction.interceptor.TransactionInterceptor.invoke(TransactionInterceptor.java:118)
	at org.springframework.aop.framework.ReflectiveMethodInvocation.proceed(ReflectiveMethodInvocation.java:186)
	at org.springframework.aop.framework.CglibAopProxy$CglibMethodInvocation.proceed(CglibAopProxy.java:749)
	at org.springframework.aop.framework.CglibAopProxy$DynamicAdvisedInterceptor.intercept(CglibAopProxy.java:691)
	at com.soft1851.user.service.impl.UserServiceImpl$$EnhancerBySpringCGLIB$$3f11adb4.createUser(<generated>)
	at com.soft1851.user.controller.PassportController.doSign(PassportController.java:91)
	at sun.reflect.NativeMethodAccessorImpl.invoke0(Native Method)
	at sun.reflect.NativeMethodAccessorImpl.invoke(NativeMethodAccessorImpl.java:62)
	at sun.reflect.DelegatingMethodAccessorImpl.invoke(DelegatingMethodAccessorImpl.java:43)
	at java.lang.reflect.Method.invoke(Method.java:497)
	at org.springframework.web.method.support.InvocableHandlerMethod.doInvoke(InvocableHandlerMethod.java:190)
	at org.springframework.web.method.support.InvocableHandlerMethod.invokeForRequest(InvocableHandlerMethod.java:138)
	at org.springframework.web.servlet.mvc.method.annotation.ServletInvocableHandlerMethod.invokeAndHandle(ServletInvocableHandlerMethod.java:105)
	at org.springframework.web.servlet.mvc.method.annotation.RequestMappingHandlerAdapter.invokeHandlerMethod(RequestMappingHandlerAdapter.java:878)
	at org.springframework.web.servlet.mvc.method.annotation.RequestMappingHandlerAdapter.handleInternal(RequestMappingHandlerAdapter.java:792)
	at org.springframework.web.servlet.mvc.method.AbstractHandlerMethodAdapter.handle(AbstractHandlerMethodAdapter.java:87)
	at org.springframework.web.servlet.DispatcherServlet.doDispatch(DispatcherServlet.java:1040)
	at org.springframework.web.servlet.DispatcherServlet.doService(DispatcherServlet.java:943)
	at org.springframework.web.servlet.FrameworkServlet.processRequest(FrameworkServlet.java:1006)
	at org.springframework.web.servlet.FrameworkServlet.doPost(FrameworkServlet.java:909)
	at javax.servlet.http.HttpServlet.service(HttpServlet.java:652)
	at org.springframework.web.servlet.FrameworkServlet.service(FrameworkServlet.java:883)
	at javax.servlet.http.HttpServlet.service(HttpServlet.java:733)
	at org.apache.catalina.core.ApplicationFilterChain.internalDoFilter(ApplicationFilterChain.java:231)
	at org.apache.catalina.core.ApplicationFilterChain.doFilter(ApplicationFilterChain.java:166)
	at org.apache.tomcat.websocket.server.WsFilter.doFilter(WsFilter.java:53)
	at org.apache.catalina.core.ApplicationFilterChain.internalDoFilter(ApplicationFilterChain.java:193)
	at org.apache.catalina.core.ApplicationFilterChain.doFilter(ApplicationFilterChain.java:166)
	at org.springframework.web.filter.CorsFilter.doFilterInternal(CorsFilter.java:92)
	at org.springframework.web.filter.OncePerRequestFilter.doFilter(OncePerRequestFilter.java:119)
	at org.apache.catalina.core.ApplicationFilterChain.internalDoFilter(ApplicationFilterChain.java:193)
	at org.apache.catalina.core.ApplicationFilterChain.doFilter(ApplicationFilterChain.java:166)
	at org.springframework.web.filter.RequestContextFilter.doFilterInternal(RequestContextFilter.java:100)
	at org.springframework.web.filter.OncePerRequestFilter.doFilter(OncePerRequestFilter.java:119)
	at org.apache.catalina.core.ApplicationFilterChain.internalDoFilter(ApplicationFilterChain.java:193)
	at org.apache.catalina.core.ApplicationFilterChain.doFilter(ApplicationFilterChain.java:166)
	at org.springframework.web.filter.FormContentFilter.doFilterInternal(FormContentFilter.java:93)
	at org.springframework.web.filter.OncePerRequestFilter.doFilter(OncePerRequestFilter.java:119)
	at org.apache.catalina.core.ApplicationFilterChain.internalDoFilter(ApplicationFilterChain.java:193)
	at org.apache.catalina.core.ApplicationFilterChain.doFilter(ApplicationFilterChain.java:166)
	at org.springframework.web.filter.CharacterEncodingFilter.doFilterInternal(CharacterEncodingFilter.java:201)
	at org.springframework.web.filter.OncePerRequestFilter.doFilter(OncePerRequestFilter.java:119)
	at org.apache.catalina.core.ApplicationFilterChain.internalDoFilter(ApplicationFilterChain.java:193)
	at org.apache.catalina.core.ApplicationFilterChain.doFilter(ApplicationFilterChain.java:166)
	at org.apache.catalina.core.StandardWrapperValve.invoke(StandardWrapperValve.java:202)
	at org.apache.catalina.core.StandardContextValve.invoke(StandardContextValve.java:97)
	at org.apache.catalina.authenticator.AuthenticatorBase.invoke(AuthenticatorBase.java:541)
	at org.apache.catalina.core.StandardHostValve.invoke(StandardHostValve.java:143)
	at org.apache.catalina.valves.ErrorReportValve.invoke(ErrorReportValve.java:92)
	at org.apache.catalina.core.StandardEngineValve.invoke(StandardEngineValve.java:78)
	at org.apache.catalina.connector.CoyoteAdapter.service(CoyoteAdapter.java:343)
	at org.apache.coyote.http11.Http11Processor.service(Http11Processor.java:374)
	at org.apache.coyote.AbstractProcessorLight.process(AbstractProcessorLight.java:65)
	at org.apache.coyote.AbstractProtocol$ConnectionHandler.process(AbstractProtocol.java:868)
	at org.apache.tomcat.util.net.NioEndpoint$SocketProcessor.doRun(NioEndpoint.java:1590)
	at org.apache.tomcat.util.net.SocketProcessorBase.run(SocketProcessorBase.java:49)
	at java.util.concurrent.ThreadPoolExecutor.runWorker(ThreadPoolExecutor.java:1142)
	at java.util.concurrent.ThreadPoolExecutor$Worker.run(ThreadPoolExecutor.java:617)
	at org.apache.tomcat.util.threads.TaskThread$WrappingRunnable.run(TaskThread.java:61)
	at java.lang.Thread.run(Thread.java:745)
2020-11-16 17:26:10.498 [background-preinit] INFO  o.h.validator.internal.util.Version - HV000001: Hibernate Validator 6.1.5.Final
2020-11-16 17:26:10.982 [background-preinit] WARN  o.s.h.c.j.Jackson2ObjectMapperBuilder - For Jackson Kotlin classes support please add "com.fasterxml.jackson.module:jackson-module-kotlin" to the classpath
2020-11-16 17:26:12.370 [main] INFO  com.soft1851.user.Application - The following profiles are active: dev
2020-11-16 17:26:13.244 [main] INFO  o.s.d.r.c.RepositoryConfigurationDelegate - Multiple Spring Data modules found, entering strict repository configuration mode!
2020-11-16 17:26:13.246 [main] INFO  o.s.d.r.c.RepositoryConfigurationDelegate - Bootstrapping Spring Data Redis repositories in DEFAULT mode.
2020-11-16 17:26:13.280 [main] INFO  o.s.d.r.c.RepositoryConfigurationDelegate - Finished Spring Data repository scanning in 19ms. Found 0 Redis repository interfaces.
2020-11-16 17:26:13.414 [main] WARN  o.m.s.mapper.ClassPathMapperScanner - No MyBatis mapper was found in '[com.soft1851.user]' package. Please check your configuration.
2020-11-16 17:26:13.493 [main] INFO  o.s.cloud.context.scope.GenericScope - BeanFactory id=795cb428-9b8d-32af-b694-b30436961836
2020-11-16 17:26:13.858 [main] INFO  o.s.b.w.e.tomcat.TomcatWebServer - Tomcat initialized with port(s): 8003 (http)
2020-11-16 17:26:13.869 [main] INFO  o.a.coyote.http11.Http11NioProtocol - Initializing ProtocolHandler ["http-nio-8003"]
2020-11-16 17:26:13.870 [main] INFO  o.a.catalina.core.StandardService - Starting service [Tomcat]
2020-11-16 17:26:13.870 [main] INFO  o.a.catalina.core.StandardEngine - Starting Servlet engine: [Apache Tomcat/9.0.38]
2020-11-16 17:26:14.028 [main] INFO  o.a.c.c.C.[Tomcat].[localhost].[/] - Initializing Spring embedded WebApplicationContext
2020-11-16 17:26:14.028 [main] INFO  o.s.b.w.s.c.ServletWebServerApplicationContext - Root WebApplicationContext: initialization completed in 1639 ms
2020-11-16 17:26:15.869 [main] WARN  c.n.c.sources.URLConfigurationSource - No URLs will be polled as dynamic configuration sources.
2020-11-16 17:26:15.869 [main] INFO  c.n.c.sources.URLConfigurationSource - To enable URLs as dynamic configuration sources, define System property archaius.configurationSource.additionalUrls or make config.properties available on classpath.
2020-11-16 17:26:15.876 [main] WARN  c.n.c.sources.URLConfigurationSource - No URLs will be polled as dynamic configuration sources.
2020-11-16 17:26:15.876 [main] INFO  c.n.c.sources.URLConfigurationSource - To enable URLs as dynamic configuration sources, define System property archaius.configurationSource.additionalUrls or make config.properties available on classpath.
2020-11-16 17:26:15.981 [main] INFO  o.s.s.c.ThreadPoolTaskExecutor - Initializing ExecutorService 'applicationTaskExecutor'
2020-11-16 17:26:16.085 [main] INFO  t.m.m.a.MapperCacheDisabler - Clear tk.mybatis.mapper.util.MsUtil CLASS_CACHE cache.
2020-11-16 17:26:16.085 [main] INFO  t.m.m.a.MapperCacheDisabler - Clear tk.mybatis.mapper.genid.GenIdUtil CACHE cache.
2020-11-16 17:26:16.086 [main] INFO  t.m.m.a.MapperCacheDisabler - Clear tk.mybatis.mapper.version.VersionUtil CACHE cache.
2020-11-16 17:26:16.086 [main] INFO  t.m.m.a.MapperCacheDisabler - Clear EntityHelper entityTableMap cache.
2020-11-16 17:26:17.719 [main] INFO  o.a.coyote.http11.Http11NioProtocol - Starting ProtocolHandler ["http-nio-8003"]
2020-11-16 17:26:17.743 [main] INFO  o.s.b.w.e.tomcat.TomcatWebServer - Tomcat started on port(s): 8003 (http) with context path ''
2020-11-16 17:26:18.984 [main] INFO  s.d.s.w.p.DocumentationPluginsBootstrapper - Context refreshed
2020-11-16 17:26:18.997 [main] INFO  s.d.s.w.p.DocumentationPluginsBootstrapper - Found 1 custom documentation plugin(s)
2020-11-16 17:26:19.009 [main] INFO  s.d.s.w.s.ApiListingReferenceScanner - Scanning for api listing references
2020-11-16 17:26:19.160 [main] INFO  com.soft1851.user.Application - Started Application in 10.39 seconds (JVM running for 12.122)
2020-11-16 17:26:27.190 [http-nio-8003-exec-1] INFO  o.a.c.c.C.[Tomcat].[localhost].[/] - Initializing Spring DispatcherServlet 'dispatcherServlet'
2020-11-16 17:26:27.190 [http-nio-8003-exec-1] INFO  o.s.web.servlet.DispatcherServlet - Initializing Servlet 'dispatcherServlet'
2020-11-16 17:26:27.196 [http-nio-8003-exec-1] INFO  o.s.web.servlet.DispatcherServlet - Completed initialization in 6 ms
2020-11-16 17:26:29.376 [http-nio-8003-exec-1] INFO  com.zaxxer.hikari.HikariDataSource - DateSourceHikariCP - Starting...
2020-11-16 17:26:29.623 [http-nio-8003-exec-1] INFO  com.zaxxer.hikari.HikariDataSource - DateSourceHikariCP - Start completed.
2020-11-16 17:26:54.539 [http-nio-8003-exec-3] INFO  c.s.u.controller.PassportController - ******************************************
2020-11-16 17:26:54.540 [http-nio-8003-exec-3] INFO  c.s.u.controller.PassportController - 请求时间2020-11-16 17:26:54
2020-11-16 17:26:54.540 [http-nio-8003-exec-3] INFO  c.s.u.controller.PassportController - 请求时间2020-11-16 05:26:54
2020-11-16 17:26:54.541 [http-nio-8003-exec-3] INFO  c.s.u.controller.PassportController - 383003
2020-11-16 17:26:54.541 [http-nio-8003-exec-3] INFO  c.s.u.controller.PassportController - ******************************************
2020-11-16 17:29:49.173 [background-preinit] INFO  o.h.validator.internal.util.Version - HV000001: Hibernate Validator 6.1.5.Final
2020-11-16 17:29:49.708 [background-preinit] WARN  o.s.h.c.j.Jackson2ObjectMapperBuilder - For Jackson Kotlin classes support please add "com.fasterxml.jackson.module:jackson-module-kotlin" to the classpath
