2020-11-23 10:22:27.386 [cluster-ClusterId{value='5fb94cda8b12c54daffcf87c', description='null'}-120.26.177.51:27017] INFO  org.mongodb.driver.connection - Opened connection [connectionId{localValue:36, serverValue:114}] to 120.26.177.51:27017
2020-11-23 10:22:27.482 [cluster-ClusterId{value='5fb94cda8b12c54daffcf87c', description='null'}-120.26.177.51:27017] INFO  org.mongodb.driver.cluster - Monitor thread successfully connected to server with description ServerDescription{address=120.26.177.51:27017, type=STANDALONE, state=CONNECTED, ok=true, version=ServerVersion{versionList=[4, 4, 2]}, minWireVersion=0, maxWireVersion=9, maxDocumentSize=16777216, logicalSessionTimeoutMinutes=30, roundTripTimeNanos=95439000}
2020-11-23 11:44:27.874 [background-preinit] INFO  o.h.validator.internal.util.Version - HV000001: Hibernate Validator 6.1.5.Final
2020-11-23 11:44:28.505 [background-preinit] WARN  o.s.h.c.j.Jackson2ObjectMapperBuilder - For Jackson Kotlin classes support please add "com.fasterxml.jackson.module:jackson-module-kotlin" to the classpath
2020-11-23 11:44:30.041 [main] INFO  com.soft1851.files.Application - The following profiles are active: dev
2020-11-23 11:44:31.440 [main] INFO  o.s.d.r.c.RepositoryConfigurationDelegate - Multiple Spring Data modules found, entering strict repository configuration mode!
2020-11-23 11:44:31.440 [main] INFO  o.s.d.r.c.RepositoryConfigurationDelegate - Bootstrapping Spring Data MongoDB repositories in DEFAULT mode.
2020-11-23 11:44:31.463 [main] INFO  o.s.d.r.c.RepositoryConfigurationDelegate - Finished Spring Data repository scanning in 16ms. Found 0 MongoDB repository interfaces.
2020-11-23 11:44:31.475 [main] INFO  o.s.d.r.c.RepositoryConfigurationDelegate - Multiple Spring Data modules found, entering strict repository configuration mode!
2020-11-23 11:44:31.477 [main] INFO  o.s.d.r.c.RepositoryConfigurationDelegate - Bootstrapping Spring Data Redis repositories in DEFAULT mode.
2020-11-23 11:44:31.491 [main] INFO  o.s.d.r.c.RepositoryConfigurationDelegate - Finished Spring Data repository scanning in 4ms. Found 0 Redis repository interfaces.
2020-11-23 11:44:31.752 [main] INFO  o.s.cloud.context.scope.GenericScope - BeanFactory id=b50eeda5-37a2-3685-8009-cf9b4c928f88
2020-11-23 11:44:32.360 [main] INFO  o.s.b.w.e.tomcat.TomcatWebServer - Tomcat initialized with port(s): 8004 (http)
2020-11-23 11:44:32.371 [main] INFO  o.a.coyote.http11.Http11NioProtocol - Initializing ProtocolHandler ["http-nio-8004"]
2020-11-23 11:44:32.371 [main] INFO  o.a.catalina.core.StandardService - Starting service [Tomcat]
2020-11-23 11:44:32.372 [main] INFO  o.a.catalina.core.StandardEngine - Starting Servlet engine: [Apache Tomcat/9.0.37]
2020-11-23 11:44:32.621 [main] INFO  o.a.c.c.C.[Tomcat].[localhost].[/] - Initializing Spring embedded WebApplicationContext
2020-11-23 11:44:32.622 [main] INFO  o.s.b.w.s.c.ServletWebServerApplicationContext - Root WebApplicationContext: initialization completed in 2565 ms
2020-11-23 11:44:34.088 [main] INFO  org.mongodb.driver.cluster - Cluster created with settings {hosts=[120.26.177.51:27017], mode=SINGLE, requiredClusterType=UNKNOWN, serverSelectionTimeout='30000 ms', maxWaitQueueSize=500}
2020-11-23 11:44:34.319 [main] WARN  o.s.data.convert.CustomConversions - Registering converter from class java.time.LocalDateTime to class org.joda.time.LocalDateTime as reading converter although it doesn't convert from a store-supported type! You might want to check your annotation setup at the converter implementation.
2020-11-23 11:44:34.326 [cluster-ClusterId{value='5fbb30225cf43a54bcfb8dd6', description='null'}-120.26.177.51:27017] INFO  org.mongodb.driver.connection - Opened connection [connectionId{localValue:1, serverValue:117}] to 120.26.177.51:27017
2020-11-23 11:44:34.368 [main] WARN  o.s.data.convert.CustomConversions - Registering converter from class java.time.LocalDateTime to class org.joda.time.LocalDateTime as reading converter although it doesn't convert from a store-supported type! You might want to check your annotation setup at the converter implementation.
2020-11-23 11:44:34.375 [cluster-ClusterId{value='5fbb30225cf43a54bcfb8dd6', description='null'}-120.26.177.51:27017] INFO  org.mongodb.driver.cluster - Monitor thread successfully connected to server with description ServerDescription{address=120.26.177.51:27017, type=STANDALONE, state=CONNECTED, ok=true, version=ServerVersion{versionList=[4, 4, 2]}, minWireVersion=0, maxWireVersion=9, maxDocumentSize=16777216, logicalSessionTimeoutMinutes=30, roundTripTimeNanos=44210600}
2020-11-23 11:44:35.263 [main] WARN  c.n.c.sources.URLConfigurationSource - No URLs will be polled as dynamic configuration sources.
2020-11-23 11:44:35.263 [main] INFO  c.n.c.sources.URLConfigurationSource - To enable URLs as dynamic configuration sources, define System property archaius.configurationSource.additionalUrls or make config.properties available on classpath.
2020-11-23 11:44:35.271 [main] WARN  c.n.c.sources.URLConfigurationSource - No URLs will be polled as dynamic configuration sources.
2020-11-23 11:44:35.271 [main] INFO  c.n.c.sources.URLConfigurationSource - To enable URLs as dynamic configuration sources, define System property archaius.configurationSource.additionalUrls or make config.properties available on classpath.
2020-11-23 11:44:35.437 [main] INFO  o.s.s.c.ThreadPoolTaskExecutor - Initializing ExecutorService 'applicationTaskExecutor'
2020-11-23 11:44:37.414 [main] INFO  o.a.coyote.http11.Http11NioProtocol - Starting ProtocolHandler ["http-nio-8004"]
2020-11-23 11:44:37.441 [main] INFO  o.s.b.w.e.tomcat.TomcatWebServer - Tomcat started on port(s): 8004 (http) with context path ''
2020-11-23 11:44:38.703 [main] INFO  s.d.s.w.p.DocumentationPluginsBootstrapper - Context refreshed
2020-11-23 11:44:38.834 [main] INFO  s.d.s.w.p.DocumentationPluginsBootstrapper - Found 1 custom documentation plugin(s)
2020-11-23 11:44:38.847 [main] INFO  s.d.s.w.s.ApiListingReferenceScanner - Scanning for api listing references
2020-11-23 11:44:39.039 [main] INFO  s.d.s.w.r.o.CachingOperationNameGenerator - Generating unique operation named: uploadFileUsingPOST_1
2020-11-23 11:44:39.052 [main] INFO  com.soft1851.files.Application - Started Application in 13.212 seconds (JVM running for 15.393)
2020-11-23 11:46:29.905 [http-nio-8004-exec-1] INFO  o.a.c.c.C.[Tomcat].[localhost].[/] - Initializing Spring DispatcherServlet 'dispatcherServlet'
2020-11-23 11:46:29.905 [http-nio-8004-exec-1] INFO  o.s.web.servlet.DispatcherServlet - Initializing Servlet 'dispatcherServlet'
2020-11-23 11:46:29.913 [http-nio-8004-exec-1] INFO  o.s.web.servlet.DispatcherServlet - Completed initialization in 8 ms
2020-11-23 11:53:20.453 [http-nio-8004-exec-8] INFO  org.mongodb.driver.connection - Opened connection [connectionId{localValue:2, serverValue:119}] to 120.26.177.51:27017
2020-11-23 12:35:58.345 [background-preinit] INFO  o.h.validator.internal.util.Version - HV000001: Hibernate Validator 6.1.5.Final
2020-11-23 12:35:58.922 [background-preinit] WARN  o.s.h.c.j.Jackson2ObjectMapperBuilder - For Jackson Kotlin classes support please add "com.fasterxml.jackson.module:jackson-module-kotlin" to the classpath
2020-11-23 12:36:00.559 [main] INFO  com.soft1851.files.Application - The following profiles are active: dev
2020-11-23 12:36:01.825 [main] INFO  o.s.d.r.c.RepositoryConfigurationDelegate - Multiple Spring Data modules found, entering strict repository configuration mode!
2020-11-23 12:36:01.826 [main] INFO  o.s.d.r.c.RepositoryConfigurationDelegate - Bootstrapping Spring Data MongoDB repositories in DEFAULT mode.
2020-11-23 12:36:01.846 [main] INFO  o.s.d.r.c.RepositoryConfigurationDelegate - Finished Spring Data repository scanning in 16ms. Found 0 MongoDB repository interfaces.
2020-11-23 12:36:01.865 [main] INFO  o.s.d.r.c.RepositoryConfigurationDelegate - Multiple Spring Data modules found, entering strict repository configuration mode!
2020-11-23 12:36:01.866 [main] INFO  o.s.d.r.c.RepositoryConfigurationDelegate - Bootstrapping Spring Data Redis repositories in DEFAULT mode.
2020-11-23 12:36:01.880 [main] INFO  o.s.d.r.c.RepositoryConfigurationDelegate - Finished Spring Data repository scanning in 4ms. Found 0 Redis repository interfaces.
2020-11-23 12:36:02.113 [main] INFO  o.s.cloud.context.scope.GenericScope - BeanFactory id=b50eeda5-37a2-3685-8009-cf9b4c928f88
2020-11-23 12:36:02.655 [main] INFO  o.s.b.w.e.tomcat.TomcatWebServer - Tomcat initialized with port(s): 8004 (http)
2020-11-23 12:36:02.669 [main] INFO  o.a.coyote.http11.Http11NioProtocol - Initializing ProtocolHandler ["http-nio-8004"]
2020-11-23 12:36:02.669 [main] INFO  o.a.catalina.core.StandardService - Starting service [Tomcat]
2020-11-23 12:36:02.669 [main] INFO  o.a.catalina.core.StandardEngine - Starting Servlet engine: [Apache Tomcat/9.0.37]
2020-11-23 12:36:02.852 [main] INFO  o.a.c.c.C.[Tomcat].[localhost].[/] - Initializing Spring embedded WebApplicationContext
2020-11-23 12:36:02.852 [main] INFO  o.s.b.w.s.c.ServletWebServerApplicationContext - Root WebApplicationContext: initialization completed in 2271 ms
2020-11-23 12:36:04.198 [main] INFO  org.mongodb.driver.cluster - Cluster created with settings {hosts=[120.26.177.51:27017], mode=SINGLE, requiredClusterType=UNKNOWN, serverSelectionTimeout='30000 ms', maxWaitQueueSize=500}
2020-11-23 12:36:04.413 [main] WARN  o.s.data.convert.CustomConversions - Registering converter from class java.time.LocalDateTime to class org.joda.time.LocalDateTime as reading converter although it doesn't convert from a store-supported type! You might want to check your annotation setup at the converter implementation.
2020-11-23 12:36:04.465 [main] WARN  o.s.data.convert.CustomConversions - Registering converter from class java.time.LocalDateTime to class org.joda.time.LocalDateTime as reading converter although it doesn't convert from a store-supported type! You might want to check your annotation setup at the converter implementation.
2020-11-23 12:36:04.514 [cluster-ClusterId{value='5fbb3c341ce9ed4d6a29b58c', description='null'}-120.26.177.51:27017] INFO  org.mongodb.driver.connection - Opened connection [connectionId{localValue:1, serverValue:121}] to 120.26.177.51:27017
2020-11-23 12:36:04.583 [cluster-ClusterId{value='5fbb3c341ce9ed4d6a29b58c', description='null'}-120.26.177.51:27017] INFO  org.mongodb.driver.cluster - Monitor thread successfully connected to server with description ServerDescription{address=120.26.177.51:27017, type=STANDALONE, state=CONNECTED, ok=true, version=ServerVersion{versionList=[4, 4, 2]}, minWireVersion=0, maxWireVersion=9, maxDocumentSize=16777216, logicalSessionTimeoutMinutes=30, roundTripTimeNanos=65505400}
2020-11-23 12:36:05.454 [main] WARN  c.n.c.sources.URLConfigurationSource - No URLs will be polled as dynamic configuration sources.
2020-11-23 12:36:05.455 [main] INFO  c.n.c.sources.URLConfigurationSource - To enable URLs as dynamic configuration sources, define System property archaius.configurationSource.additionalUrls or make config.properties available on classpath.
2020-11-23 12:36:05.463 [main] WARN  c.n.c.sources.URLConfigurationSource - No URLs will be polled as dynamic configuration sources.
2020-11-23 12:36:05.463 [main] INFO  c.n.c.sources.URLConfigurationSource - To enable URLs as dynamic configuration sources, define System property archaius.configurationSource.additionalUrls or make config.properties available on classpath.
2020-11-23 12:36:05.646 [main] INFO  o.s.s.c.ThreadPoolTaskExecutor - Initializing ExecutorService 'applicationTaskExecutor'
2020-11-23 12:36:07.753 [main] INFO  o.a.coyote.http11.Http11NioProtocol - Starting ProtocolHandler ["http-nio-8004"]
2020-11-23 12:36:07.794 [main] INFO  o.s.b.w.e.tomcat.TomcatWebServer - Tomcat started on port(s): 8004 (http) with context path ''
2020-11-23 12:36:09.169 [main] INFO  s.d.s.w.p.DocumentationPluginsBootstrapper - Context refreshed
2020-11-23 12:36:09.183 [main] INFO  s.d.s.w.p.DocumentationPluginsBootstrapper - Found 1 custom documentation plugin(s)
2020-11-23 12:36:09.192 [main] INFO  s.d.s.w.s.ApiListingReferenceScanner - Scanning for api listing references
2020-11-23 12:36:09.407 [main] INFO  s.d.s.w.r.o.CachingOperationNameGenerator - Generating unique operation named: uploadFileUsingPOST_1
2020-11-23 12:36:09.425 [main] INFO  com.soft1851.files.Application - Started Application in 13.042 seconds (JVM running for 15.057)
2020-11-23 12:38:56.454 [http-nio-8004-exec-1] INFO  o.a.c.c.C.[Tomcat].[localhost].[/] - Initializing Spring DispatcherServlet 'dispatcherServlet'
2020-11-23 12:38:56.455 [http-nio-8004-exec-1] INFO  o.s.web.servlet.DispatcherServlet - Initializing Servlet 'dispatcherServlet'
2020-11-23 12:38:56.468 [http-nio-8004-exec-1] INFO  o.s.web.servlet.DispatcherServlet - Completed initialization in 13 ms
2020-11-23 12:38:56.820 [http-nio-8004-exec-1] INFO  org.mongodb.driver.connection - Opened connection [connectionId{localValue:2, serverValue:122}] to 120.26.177.51:27017
2020-11-23 13:28:49.079 [background-preinit] INFO  o.h.validator.internal.util.Version - HV000001: Hibernate Validator 6.1.5.Final
2020-11-23 13:28:50.794 [background-preinit] WARN  o.s.h.c.j.Jackson2ObjectMapperBuilder - For Jackson Kotlin classes support please add "com.fasterxml.jackson.module:jackson-module-kotlin" to the classpath
2020-11-23 13:28:55.476 [main] INFO  com.soft1851.files.Application - The following profiles are active: dev
2020-11-23 13:28:58.432 [main] INFO  o.s.d.r.c.RepositoryConfigurationDelegate - Multiple Spring Data modules found, entering strict repository configuration mode!
2020-11-23 13:28:58.433 [main] INFO  o.s.d.r.c.RepositoryConfigurationDelegate - Bootstrapping Spring Data MongoDB repositories in DEFAULT mode.
2020-11-23 13:28:58.476 [main] INFO  o.s.d.r.c.RepositoryConfigurationDelegate - Finished Spring Data repository scanning in 36ms. Found 0 MongoDB repository interfaces.
2020-11-23 13:28:58.503 [main] INFO  o.s.d.r.c.RepositoryConfigurationDelegate - Multiple Spring Data modules found, entering strict repository configuration mode!
2020-11-23 13:28:58.506 [main] INFO  o.s.d.r.c.RepositoryConfigurationDelegate - Bootstrapping Spring Data Redis repositories in DEFAULT mode.
2020-11-23 13:28:58.541 [main] INFO  o.s.d.r.c.RepositoryConfigurationDelegate - Finished Spring Data repository scanning in 10ms. Found 0 Redis repository interfaces.
2020-11-23 13:28:59.183 [main] INFO  o.s.cloud.context.scope.GenericScope - BeanFactory id=b50eeda5-37a2-3685-8009-cf9b4c928f88
2020-11-23 13:29:00.444 [main] INFO  o.s.b.w.e.tomcat.TomcatWebServer - Tomcat initialized with port(s): 8004 (http)
2020-11-23 13:29:00.465 [main] INFO  o.a.coyote.http11.Http11NioProtocol - Initializing ProtocolHandler ["http-nio-8004"]
2020-11-23 13:29:00.466 [main] INFO  o.a.catalina.core.StandardService - Starting service [Tomcat]
2020-11-23 13:29:00.467 [main] INFO  o.a.catalina.core.StandardEngine - Starting Servlet engine: [Apache Tomcat/9.0.37]
2020-11-23 13:29:00.855 [main] INFO  o.a.c.c.C.[Tomcat].[localhost].[/] - Initializing Spring embedded WebApplicationContext
2020-11-23 13:29:00.856 [main] INFO  o.s.b.w.s.c.ServletWebServerApplicationContext - Root WebApplicationContext: initialization completed in 5316 ms
2020-11-23 13:29:02.338 [main] INFO  org.mongodb.driver.cluster - Cluster created with settings {hosts=[120.26.177.51:27017], mode=SINGLE, requiredClusterType=UNKNOWN, serverSelectionTimeout='30000 ms', maxWaitQueueSize=500}
2020-11-23 13:29:02.490 [cluster-ClusterId{value='5fbb489e435468783a8af75b', description='null'}-120.26.177.51:27017] INFO  org.mongodb.driver.connection - Opened connection [connectionId{localValue:1, serverValue:123}] to 120.26.177.51:27017
2020-11-23 13:29:02.538 [main] WARN  o.s.data.convert.CustomConversions - Registering converter from class java.time.LocalDateTime to class org.joda.time.LocalDateTime as reading converter although it doesn't convert from a store-supported type! You might want to check your annotation setup at the converter implementation.
2020-11-23 13:29:02.584 [main] WARN  o.s.data.convert.CustomConversions - Registering converter from class java.time.LocalDateTime to class org.joda.time.LocalDateTime as reading converter although it doesn't convert from a store-supported type! You might want to check your annotation setup at the converter implementation.
2020-11-23 13:29:02.607 [cluster-ClusterId{value='5fbb489e435468783a8af75b', description='null'}-120.26.177.51:27017] INFO  org.mongodb.driver.cluster - Monitor thread successfully connected to server with description ServerDescription{address=120.26.177.51:27017, type=STANDALONE, state=CONNECTED, ok=true, version=ServerVersion{versionList=[4, 4, 2]}, minWireVersion=0, maxWireVersion=9, maxDocumentSize=16777216, logicalSessionTimeoutMinutes=30, roundTripTimeNanos=113190200}
2020-11-23 13:29:03.626 [main] WARN  c.n.c.sources.URLConfigurationSource - No URLs will be polled as dynamic configuration sources.
2020-11-23 13:29:03.626 [main] INFO  c.n.c.sources.URLConfigurationSource - To enable URLs as dynamic configuration sources, define System property archaius.configurationSource.additionalUrls or make config.properties available on classpath.
2020-11-23 13:29:03.634 [main] WARN  c.n.c.sources.URLConfigurationSource - No URLs will be polled as dynamic configuration sources.
2020-11-23 13:29:03.634 [main] INFO  c.n.c.sources.URLConfigurationSource - To enable URLs as dynamic configuration sources, define System property archaius.configurationSource.additionalUrls or make config.properties available on classpath.
2020-11-23 13:29:03.934 [main] INFO  o.s.s.c.ThreadPoolTaskExecutor - Initializing ExecutorService 'applicationTaskExecutor'
2020-11-23 13:29:06.146 [main] INFO  o.a.coyote.http11.Http11NioProtocol - Starting ProtocolHandler ["http-nio-8004"]
2020-11-23 13:29:06.172 [main] INFO  o.s.b.w.e.tomcat.TomcatWebServer - Tomcat started on port(s): 8004 (http) with context path ''
2020-11-23 13:29:07.439 [main] INFO  s.d.s.w.p.DocumentationPluginsBootstrapper - Context refreshed
2020-11-23 13:29:07.455 [main] INFO  s.d.s.w.p.DocumentationPluginsBootstrapper - Found 1 custom documentation plugin(s)
2020-11-23 13:29:07.464 [main] INFO  s.d.s.w.s.ApiListingReferenceScanner - Scanning for api listing references
2020-11-23 13:29:07.605 [main] INFO  s.d.s.w.r.o.CachingOperationNameGenerator - Generating unique operation named: uploadFileUsingPOST_1
2020-11-23 13:29:07.619 [main] INFO  com.soft1851.files.Application - Started Application in 22.842 seconds (JVM running for 25.03)
2020-11-23 13:29:34.456 [http-nio-8004-exec-2] INFO  o.a.c.c.C.[Tomcat].[localhost].[/] - Initializing Spring DispatcherServlet 'dispatcherServlet'
2020-11-23 13:29:34.457 [http-nio-8004-exec-2] INFO  o.s.web.servlet.DispatcherServlet - Initializing Servlet 'dispatcherServlet'
2020-11-23 13:29:34.496 [http-nio-8004-exec-2] INFO  o.s.web.servlet.DispatcherServlet - Completed initialization in 24 ms
2020-11-23 13:29:35.376 [http-nio-8004-exec-2] INFO  org.mongodb.driver.connection - Opened connection [connectionId{localValue:2, serverValue:124}] to 120.26.177.51:27017
2020-11-23 20:42:23.753 [background-preinit] INFO  o.h.validator.internal.util.Version - HV000001: Hibernate Validator 6.1.5.Final
2020-11-23 20:42:24.885 [background-preinit] WARN  o.s.h.c.j.Jackson2ObjectMapperBuilder - For Jackson Kotlin classes support please add "com.fasterxml.jackson.module:jackson-module-kotlin" to the classpath
2020-11-23 20:42:26.300 [main] INFO  com.soft1851.files.Application - The following profiles are active: dev
2020-11-23 20:42:28.796 [main] INFO  o.s.d.r.c.RepositoryConfigurationDelegate - Multiple Spring Data modules found, entering strict repository configuration mode!
2020-11-23 20:42:28.796 [main] INFO  o.s.d.r.c.RepositoryConfigurationDelegate - Bootstrapping Spring Data MongoDB repositories in DEFAULT mode.
2020-11-23 20:42:28.826 [main] INFO  o.s.d.r.c.RepositoryConfigurationDelegate - Finished Spring Data repository scanning in 23ms. Found 0 MongoDB repository interfaces.
2020-11-23 20:42:28.858 [main] INFO  o.s.d.r.c.RepositoryConfigurationDelegate - Multiple Spring Data modules found, entering strict repository configuration mode!
2020-11-23 20:42:28.860 [main] INFO  o.s.d.r.c.RepositoryConfigurationDelegate - Bootstrapping Spring Data Redis repositories in DEFAULT mode.
2020-11-23 20:42:28.878 [main] INFO  o.s.d.r.c.RepositoryConfigurationDelegate - Finished Spring Data repository scanning in 7ms. Found 0 Redis repository interfaces.
2020-11-23 20:42:29.177 [main] INFO  o.s.cloud.context.scope.GenericScope - BeanFactory id=d922f0d9-072c-3576-8b06-132942a61e58
2020-11-23 20:42:29.958 [main] INFO  o.s.b.w.e.tomcat.TomcatWebServer - Tomcat initialized with port(s): 8004 (http)
2020-11-23 20:42:29.996 [main] INFO  o.a.coyote.http11.Http11NioProtocol - Initializing ProtocolHandler ["http-nio-8004"]
2020-11-23 20:42:29.996 [main] INFO  o.a.catalina.core.StandardService - Starting service [Tomcat]
2020-11-23 20:42:29.996 [main] INFO  o.a.catalina.core.StandardEngine - Starting Servlet engine: [Apache Tomcat/9.0.37]
2020-11-23 20:42:30.217 [main] INFO  o.a.c.c.C.[Tomcat].[localhost].[/] - Initializing Spring embedded WebApplicationContext
2020-11-23 20:42:30.217 [main] INFO  o.s.b.w.s.c.ServletWebServerApplicationContext - Root WebApplicationContext: initialization completed in 3899 ms
2020-11-23 20:42:31.438 [main] INFO  org.mongodb.driver.cluster - Cluster created with settings {hosts=[120.26.177.51:27017], mode=SINGLE, requiredClusterType=UNKNOWN, serverSelectionTimeout='30000 ms', maxWaitQueueSize=500}
2020-11-23 20:42:31.589 [cluster-ClusterId{value='5fbbae37d39f8363670a9ee7', description='null'}-120.26.177.51:27017] INFO  org.mongodb.driver.connection - Opened connection [connectionId{localValue:1, serverValue:129}] to 120.26.177.51:27017
2020-11-23 20:42:31.626 [cluster-ClusterId{value='5fbbae37d39f8363670a9ee7', description='null'}-120.26.177.51:27017] INFO  org.mongodb.driver.cluster - Monitor thread successfully connected to server with description ServerDescription{address=120.26.177.51:27017, type=STANDALONE, state=CONNECTED, ok=true, version=ServerVersion{versionList=[4, 4, 2]}, minWireVersion=0, maxWireVersion=9, maxDocumentSize=16777216, logicalSessionTimeoutMinutes=30, roundTripTimeNanos=24490800}
2020-11-23 20:42:31.738 [main] WARN  o.s.data.convert.CustomConversions - Registering converter from class java.time.LocalDateTime to class org.joda.time.LocalDateTime as reading converter although it doesn't convert from a store-supported type! You might want to check your annotation setup at the converter implementation.
2020-11-23 20:42:31.828 [main] WARN  o.s.data.convert.CustomConversions - Registering converter from class java.time.LocalDateTime to class org.joda.time.LocalDateTime as reading converter although it doesn't convert from a store-supported type! You might want to check your annotation setup at the converter implementation.
2020-11-23 20:42:32.919 [main] WARN  c.n.c.sources.URLConfigurationSource - No URLs will be polled as dynamic configuration sources.
2020-11-23 20:42:32.919 [main] INFO  c.n.c.sources.URLConfigurationSource - To enable URLs as dynamic configuration sources, define System property archaius.configurationSource.additionalUrls or make config.properties available on classpath.
2020-11-23 20:42:32.925 [main] WARN  c.n.c.sources.URLConfigurationSource - No URLs will be polled as dynamic configuration sources.
2020-11-23 20:42:32.925 [main] INFO  c.n.c.sources.URLConfigurationSource - To enable URLs as dynamic configuration sources, define System property archaius.configurationSource.additionalUrls or make config.properties available on classpath.
2020-11-23 20:42:33.152 [main] INFO  o.s.s.c.ThreadPoolTaskExecutor - Initializing ExecutorService 'applicationTaskExecutor'
2020-11-23 20:42:34.994 [main] INFO  o.a.coyote.http11.Http11NioProtocol - Starting ProtocolHandler ["http-nio-8004"]
2020-11-23 20:42:35.023 [main] INFO  o.s.b.w.e.tomcat.TomcatWebServer - Tomcat started on port(s): 8004 (http) with context path ''
2020-11-23 20:42:36.247 [main] INFO  s.d.s.w.p.DocumentationPluginsBootstrapper - Context refreshed
2020-11-23 20:42:36.274 [main] INFO  s.d.s.w.p.DocumentationPluginsBootstrapper - Found 1 custom documentation plugin(s)
2020-11-23 20:42:36.284 [main] INFO  s.d.s.w.s.ApiListingReferenceScanner - Scanning for api listing references
2020-11-23 20:42:36.478 [main] INFO  s.d.s.w.r.o.CachingOperationNameGenerator - Generating unique operation named: uploadFileUsingPOST_1
2020-11-23 20:42:36.492 [main] INFO  com.soft1851.files.Application - Started Application in 14.875 seconds (JVM running for 16.857)
2020-11-23 20:43:25.216 [http-nio-8004-exec-1] INFO  o.a.c.c.C.[Tomcat].[localhost].[/] - Initializing Spring DispatcherServlet 'dispatcherServlet'
2020-11-23 20:43:25.216 [http-nio-8004-exec-1] INFO  o.s.web.servlet.DispatcherServlet - Initializing Servlet 'dispatcherServlet'
2020-11-23 20:43:25.224 [http-nio-8004-exec-1] INFO  o.s.web.servlet.DispatcherServlet - Completed initialization in 8 ms
2020-11-23 20:43:40.402 [http-nio-8004-exec-5] INFO  org.mongodb.driver.connection - Opened connection [connectionId{localValue:2, serverValue:130}] to 120.26.177.51:27017
2020-11-23 21:28:07.123 [background-preinit] INFO  o.h.validator.internal.util.Version - HV000001: Hibernate Validator 6.1.5.Final
2020-11-23 21:28:07.751 [background-preinit] WARN  o.s.h.c.j.Jackson2ObjectMapperBuilder - For Jackson Kotlin classes support please add "com.fasterxml.jackson.module:jackson-module-kotlin" to the classpath
2020-11-23 21:28:09.166 [main] INFO  com.soft1851.files.Application - The following profiles are active: dev
2020-11-23 21:28:10.315 [main] INFO  o.s.d.r.c.RepositoryConfigurationDelegate - Multiple Spring Data modules found, entering strict repository configuration mode!
2020-11-23 21:28:10.316 [main] INFO  o.s.d.r.c.RepositoryConfigurationDelegate - Bootstrapping Spring Data MongoDB repositories in DEFAULT mode.
2020-11-23 21:28:10.342 [main] INFO  o.s.d.r.c.RepositoryConfigurationDelegate - Finished Spring Data repository scanning in 21ms. Found 0 MongoDB repository interfaces.
2020-11-23 21:28:10.358 [main] INFO  o.s.d.r.c.RepositoryConfigurationDelegate - Multiple Spring Data modules found, entering strict repository configuration mode!
2020-11-23 21:28:10.360 [main] INFO  o.s.d.r.c.RepositoryConfigurationDelegate - Bootstrapping Spring Data Redis repositories in DEFAULT mode.
2020-11-23 21:28:10.375 [main] INFO  o.s.d.r.c.RepositoryConfigurationDelegate - Finished Spring Data repository scanning in 7ms. Found 0 Redis repository interfaces.
2020-11-23 21:28:10.635 [main] INFO  o.s.cloud.context.scope.GenericScope - BeanFactory id=d922f0d9-072c-3576-8b06-132942a61e58
2020-11-23 21:28:11.162 [main] INFO  o.s.b.w.e.tomcat.TomcatWebServer - Tomcat initialized with port(s): 8004 (http)
2020-11-23 21:28:11.176 [main] INFO  o.a.coyote.http11.Http11NioProtocol - Initializing ProtocolHandler ["http-nio-8004"]
2020-11-23 21:28:11.176 [main] INFO  o.a.catalina.core.StandardService - Starting service [Tomcat]
2020-11-23 21:28:11.177 [main] INFO  o.a.catalina.core.StandardEngine - Starting Servlet engine: [Apache Tomcat/9.0.37]
2020-11-23 21:28:11.365 [main] INFO  o.a.c.c.C.[Tomcat].[localhost].[/] - Initializing Spring embedded WebApplicationContext
2020-11-23 21:28:11.365 [main] INFO  o.s.b.w.s.c.ServletWebServerApplicationContext - Root WebApplicationContext: initialization completed in 2180 ms
2020-11-23 21:28:12.480 [main] INFO  org.mongodb.driver.cluster - Cluster created with settings {hosts=[120.26.177.51:27017], mode=SINGLE, requiredClusterType=UNKNOWN, serverSelectionTimeout='30000 ms', maxWaitQueueSize=500}
2020-11-23 21:28:12.602 [cluster-ClusterId{value='5fbbb8ec17317a4d94aae80c', description='null'}-120.26.177.51:27017] INFO  org.mongodb.driver.connection - Opened connection [connectionId{localValue:1, serverValue:132}] to 120.26.177.51:27017
2020-11-23 21:28:12.660 [cluster-ClusterId{value='5fbbb8ec17317a4d94aae80c', description='null'}-120.26.177.51:27017] INFO  org.mongodb.driver.cluster - Monitor thread successfully connected to server with description ServerDescription{address=120.26.177.51:27017, type=STANDALONE, state=CONNECTED, ok=true, version=ServerVersion{versionList=[4, 4, 2]}, minWireVersion=0, maxWireVersion=9, maxDocumentSize=16777216, logicalSessionTimeoutMinutes=30, roundTripTimeNanos=53809300}
2020-11-23 21:28:12.705 [main] WARN  o.s.data.convert.CustomConversions - Registering converter from class java.time.LocalDateTime to class org.joda.time.LocalDateTime as reading converter although it doesn't convert from a store-supported type! You might want to check your annotation setup at the converter implementation.
2020-11-23 21:28:12.746 [main] WARN  o.s.data.convert.CustomConversions - Registering converter from class java.time.LocalDateTime to class org.joda.time.LocalDateTime as reading converter although it doesn't convert from a store-supported type! You might want to check your annotation setup at the converter implementation.
2020-11-23 21:28:13.563 [main] WARN  c.n.c.sources.URLConfigurationSource - No URLs will be polled as dynamic configuration sources.
2020-11-23 21:28:13.564 [main] INFO  c.n.c.sources.URLConfigurationSource - To enable URLs as dynamic configuration sources, define System property archaius.configurationSource.additionalUrls or make config.properties available on classpath.
2020-11-23 21:28:13.569 [main] WARN  c.n.c.sources.URLConfigurationSource - No URLs will be polled as dynamic configuration sources.
2020-11-23 21:28:13.569 [main] INFO  c.n.c.sources.URLConfigurationSource - To enable URLs as dynamic configuration sources, define System property archaius.configurationSource.additionalUrls or make config.properties available on classpath.
2020-11-23 21:28:13.807 [main] INFO  o.s.s.c.ThreadPoolTaskExecutor - Initializing ExecutorService 'applicationTaskExecutor'
2020-11-23 21:28:15.668 [main] INFO  o.a.coyote.http11.Http11NioProtocol - Starting ProtocolHandler ["http-nio-8004"]
2020-11-23 21:28:15.697 [main] INFO  o.s.b.w.e.tomcat.TomcatWebServer - Tomcat started on port(s): 8004 (http) with context path ''
2020-11-23 21:28:16.957 [main] INFO  s.d.s.w.p.DocumentationPluginsBootstrapper - Context refreshed
2020-11-23 21:28:16.970 [main] INFO  s.d.s.w.p.DocumentationPluginsBootstrapper - Found 1 custom documentation plugin(s)
2020-11-23 21:28:16.982 [main] INFO  s.d.s.w.s.ApiListingReferenceScanner - Scanning for api listing references
2020-11-23 21:28:17.121 [main] INFO  s.d.s.w.r.o.CachingOperationNameGenerator - Generating unique operation named: uploadFileUsingPOST_1
2020-11-23 21:28:17.134 [main] INFO  com.soft1851.files.Application - Started Application in 11.861 seconds (JVM running for 13.64)
2020-11-23 21:31:05.686 [background-preinit] INFO  o.h.validator.internal.util.Version - HV000001: Hibernate Validator 6.1.5.Final
2020-11-23 21:31:06.303 [background-preinit] WARN  o.s.h.c.j.Jackson2ObjectMapperBuilder - For Jackson Kotlin classes support please add "com.fasterxml.jackson.module:jackson-module-kotlin" to the classpath
2020-11-23 21:31:07.743 [main] INFO  com.soft1851.files.Application - The following profiles are active: dev
2020-11-23 21:31:08.889 [main] INFO  o.s.d.r.c.RepositoryConfigurationDelegate - Multiple Spring Data modules found, entering strict repository configuration mode!
2020-11-23 21:31:08.889 [main] INFO  o.s.d.r.c.RepositoryConfigurationDelegate - Bootstrapping Spring Data MongoDB repositories in DEFAULT mode.
2020-11-23 21:31:08.916 [main] INFO  o.s.d.r.c.RepositoryConfigurationDelegate - Finished Spring Data repository scanning in 22ms. Found 0 MongoDB repository interfaces.
2020-11-23 21:31:08.931 [main] INFO  o.s.d.r.c.RepositoryConfigurationDelegate - Multiple Spring Data modules found, entering strict repository configuration mode!
2020-11-23 21:31:08.932 [main] INFO  o.s.d.r.c.RepositoryConfigurationDelegate - Bootstrapping Spring Data Redis repositories in DEFAULT mode.
2020-11-23 21:31:08.948 [main] INFO  o.s.d.r.c.RepositoryConfigurationDelegate - Finished Spring Data repository scanning in 7ms. Found 0 Redis repository interfaces.
2020-11-23 21:31:09.235 [main] INFO  o.s.cloud.context.scope.GenericScope - BeanFactory id=d922f0d9-072c-3576-8b06-132942a61e58
2020-11-23 21:31:09.842 [main] INFO  o.s.b.w.e.tomcat.TomcatWebServer - Tomcat initialized with port(s): 8004 (http)
2020-11-23 21:31:09.863 [main] INFO  o.a.coyote.http11.Http11NioProtocol - Initializing ProtocolHandler ["http-nio-8004"]
2020-11-23 21:31:09.864 [main] INFO  o.a.catalina.core.StandardService - Starting service [Tomcat]
2020-11-23 21:31:09.864 [main] INFO  o.a.catalina.core.StandardEngine - Starting Servlet engine: [Apache Tomcat/9.0.37]
2020-11-23 21:31:10.111 [main] INFO  o.a.c.c.C.[Tomcat].[localhost].[/] - Initializing Spring embedded WebApplicationContext
2020-11-23 21:31:10.112 [main] INFO  o.s.b.w.s.c.ServletWebServerApplicationContext - Root WebApplicationContext: initialization completed in 2349 ms
2020-11-23 21:31:11.333 [main] INFO  org.mongodb.driver.cluster - Cluster created with settings {hosts=[120.26.177.51:27017], mode=SINGLE, requiredClusterType=UNKNOWN, serverSelectionTimeout='30000 ms', maxWaitQueueSize=500}
2020-11-23 21:31:11.498 [cluster-ClusterId{value='5fbbb99f0125846c8e531ff3', description='null'}-120.26.177.51:27017] INFO  org.mongodb.driver.connection - Opened connection [connectionId{localValue:1, serverValue:133}] to 120.26.177.51:27017
2020-11-23 21:31:11.522 [main] WARN  o.s.data.convert.CustomConversions - Registering converter from class java.time.LocalDateTime to class org.joda.time.LocalDateTime as reading converter although it doesn't convert from a store-supported type! You might want to check your annotation setup at the converter implementation.
2020-11-23 21:31:11.527 [cluster-ClusterId{value='5fbbb99f0125846c8e531ff3', description='null'}-120.26.177.51:27017] INFO  org.mongodb.driver.cluster - Monitor thread successfully connected to server with description ServerDescription{address=120.26.177.51:27017, type=STANDALONE, state=CONNECTED, ok=true, version=ServerVersion{versionList=[4, 4, 2]}, minWireVersion=0, maxWireVersion=9, maxDocumentSize=16777216, logicalSessionTimeoutMinutes=30, roundTripTimeNanos=22454700}
2020-11-23 21:31:11.581 [main] WARN  o.s.data.convert.CustomConversions - Registering converter from class java.time.LocalDateTime to class org.joda.time.LocalDateTime as reading converter although it doesn't convert from a store-supported type! You might want to check your annotation setup at the converter implementation.
2020-11-23 21:31:12.697 [main] WARN  c.n.c.sources.URLConfigurationSource - No URLs will be polled as dynamic configuration sources.
2020-11-23 21:31:12.697 [main] INFO  c.n.c.sources.URLConfigurationSource - To enable URLs as dynamic configuration sources, define System property archaius.configurationSource.additionalUrls or make config.properties available on classpath.
2020-11-23 21:31:12.703 [main] WARN  c.n.c.sources.URLConfigurationSource - No URLs will be polled as dynamic configuration sources.
2020-11-23 21:31:12.703 [main] INFO  c.n.c.sources.URLConfigurationSource - To enable URLs as dynamic configuration sources, define System property archaius.configurationSource.additionalUrls or make config.properties available on classpath.
2020-11-23 21:31:12.880 [main] INFO  o.s.s.c.ThreadPoolTaskExecutor - Initializing ExecutorService 'applicationTaskExecutor'
2020-11-23 21:31:14.725 [main] INFO  o.a.coyote.http11.Http11NioProtocol - Starting ProtocolHandler ["http-nio-8004"]
2020-11-23 21:31:14.757 [main] INFO  o.s.b.w.e.tomcat.TomcatWebServer - Tomcat started on port(s): 8004 (http) with context path ''
2020-11-23 21:31:16.007 [main] INFO  s.d.s.w.p.DocumentationPluginsBootstrapper - Context refreshed
2020-11-23 21:31:16.019 [main] INFO  s.d.s.w.p.DocumentationPluginsBootstrapper - Found 1 custom documentation plugin(s)
2020-11-23 21:31:16.030 [main] INFO  s.d.s.w.s.ApiListingReferenceScanner - Scanning for api listing references
2020-11-23 21:31:16.179 [main] INFO  s.d.s.w.r.o.CachingOperationNameGenerator - Generating unique operation named: uploadFileUsingPOST_1
2020-11-23 21:31:16.194 [main] INFO  com.soft1851.files.Application - Started Application in 12.423 seconds (JVM running for 14.513)
